


ARM Macro Assembler    Page 1 


    1 00000000         ;/******************************************************
                       ********************//**
    2 00000000         ; * @file     startup_M058S.s
    3 00000000         ; * @version  V2.00
    4 00000000         ; * $Revision: 7 $
    5 00000000         ; * $Date: 15/01/21 9:34a $ 
    6 00000000         ; * @brief    M058S Series Startup Source File
    7 00000000         ; *
    8 00000000         ; * @note
    9 00000000         ; * SPDX-License-Identifier: Apache-2.0
   10 00000000         ; *
   11 00000000         ; * Copyright (C) 2011 Nuvoton Technology Corp. All righ
                       ts reserved.
   12 00000000         ; *
   13 00000000         ; ******************************************************
                       ************************/
   14 00000000         
   15 00000000         ; User may overwrite stack size setting by pre-defined s
                       ymbol
   16 00000000                 IF               :LNOT: :DEF: Stack_Size
   18                          ENDIF
   19 00000000         
   20 00000000                 AREA             STACK, NOINIT, READWRITE, ALIGN
=3
   21 00000000         Stack_Mem
                               SPACE            Stack_Size
   22 00000200         __initial_sp
   23 00000200         
   24 00000200         
   25 00000200         ; <h> Heap Configuration
   26 00000200         ;   <o>  Heap Size (in Bytes) <0x0-0xFFFFFFFF:8>
   27 00000200         ; </h>
   28 00000200         
   29 00000200                 IF               :LNOT: :DEF: Heap_Size
   31                          ENDIF
   32 00000200         
   33 00000200                 AREA             HEAP, NOINIT, READWRITE, ALIGN=
3
   34 00000000         __heap_base
   35 00000000         Heap_Mem
                               SPACE            Heap_Size
   36 00000000         __heap_limit
   37 00000000         
   38 00000000         
   39 00000000                 PRESERVE8
   40 00000000                 THUMB
   41 00000000         
   42 00000000         
   43 00000000         ; Vector Table Mapped to Address 0 at Reset
   44 00000000                 AREA             RESET, DATA, READONLY
   45 00000000                 EXPORT           __Vectors
   46 00000000         
   47 00000000 00000000 
                       __Vectors
                               DCD              __initial_sp ; Top of Stack
   48 00000004 00000000        DCD              Reset_Handler ; Reset Handler
   49 00000008 00000000        DCD              NMI_Handler ; NMI Handler
   50 0000000C 00000000        DCD              HardFault_Handler ; Hard Fault 
                                                            Handler



ARM Macro Assembler    Page 2 


   51 00000010 00000000        DCD              0           ; Reserved
   52 00000014 00000000        DCD              0           ; Reserved
   53 00000018 00000000        DCD              0           ; Reserved
   54 0000001C 00000000        DCD              0           ; Reserved
   55 00000020 00000000        DCD              0           ; Reserved
   56 00000024 00000000        DCD              0           ; Reserved
   57 00000028 00000000        DCD              0           ; Reserved
   58 0000002C 00000000        DCD              SVC_Handler ; SVCall Handler
   59 00000030 00000000        DCD              0           ; Reserved
   60 00000034 00000000        DCD              0           ; Reserved
   61 00000038 00000000        DCD              PendSV_Handler ; PendSV Handler
                                                            
   62 0000003C 00000000        DCD              SysTick_Handler 
                                                            ; SysTick Handler
   63 00000040         
   64 00000040         ; External Interrupts
   65 00000040         ; maximum of 32 External Interrupts are possible
   66 00000040 00000000        DCD              BOD_IRQHandler
   67 00000044 00000000        DCD              WDT_IRQHandler
   68 00000048 00000000        DCD              EINT0_IRQHandler
   69 0000004C 00000000        DCD              EINT1_IRQHandler
   70 00000050 00000000        DCD              GPIOP0P1_IRQHandler
   71 00000054 00000000        DCD              GPIOP2P3P4_IRQHandler
   72 00000058 00000000        DCD              PWMA_IRQHandler
   73 0000005C 00000000        DCD              Default_Handler
   74 00000060 00000000        DCD              TMR0_IRQHandler
   75 00000064 00000000        DCD              TMR1_IRQHandler
   76 00000068 00000000        DCD              TMR2_IRQHandler
   77 0000006C 00000000        DCD              TMR3_IRQHandler
   78 00000070 00000000        DCD              UART0_IRQHandler
   79 00000074 00000000        DCD              Default_Handler
   80 00000078 00000000        DCD              SPI0_IRQHandler
   81 0000007C 00000000        DCD              Default_Handler
   82 00000080 00000000        DCD              GPIOP5_IRQHandler
   83 00000084 00000000        DCD              GPIOP6P7_IRQHandler
   84 00000088 00000000        DCD              I2C0_IRQHandler
   85 0000008C 00000000        DCD              I2C1_IRQHandler
   86 00000090 00000000        DCD              Default_Handler
   87 00000094 00000000        DCD              Default_Handler
   88 00000098 00000000        DCD              Default_Handler
   89 0000009C 00000000        DCD              Default_Handler
   90 000000A0 00000000        DCD              Default_Handler
   91 000000A4 00000000        DCD              Default_Handler
   92 000000A8 00000000        DCD              Default_Handler
   93 000000AC 00000000        DCD              Default_Handler
   94 000000B0 00000000        DCD              PWRWU_IRQHandler
   95 000000B4 00000000        DCD              ADC_IRQHandler
   96 000000B8 00000000        DCD              Default_Handler
   97 000000BC 00000000        DCD              Default_Handler
   98 000000C0         
   99 000000C0         
  100 000000C0                 AREA             |.text|, CODE, READONLY
  101 00000000         
  102 00000000         
  103 00000000         
  104 00000000         ; Reset Handler 
  105 00000000         
  106 00000000                 ENTRY
  107 00000000         



ARM Macro Assembler    Page 3 


  108 00000000         Reset_Handler
                               PROC
  109 00000000                 EXPORT           Reset_Handler             [WEAK
]
  110 00000000                 IMPORT           SystemInit
  111 00000000                 IMPORT           __main
  112 00000000         
  113 00000000 480A            LDR              R0, =0x50000100
  114 00000002         ; Unlock Register                
  115 00000002         
  116 00000002 490B            LDR              R1, =0x59
  117 00000004 6001            STR              R1, [R0]
  118 00000006 490B            LDR              R1, =0x16
  119 00000008 6001            STR              R1, [R0]
  120 0000000A 490B            LDR              R1, =0x88
  121 0000000C 6001            STR              R1, [R0]
  122 0000000E         
  123 0000000E         ; Init POR
  124 0000000E 4A0B            LDR              R2, =0x50000024
  125 00000010 490B            LDR              R1, =0x00005AA5
  126 00000012 6011            STR              R1, [R2]
  127 00000014         
  128 00000014         ; Lock register
  129 00000014 2100            MOVS             R1, #0
  130 00000016 6001            STR              R1, [R0]
  131 00000018         
  132 00000018 480A            LDR              R0, =SystemInit
  133 0000001A 4780            BLX              R0
  134 0000001C 480A            LDR              R0, =__main
  135 0000001E 4700            BX               R0
  136 00000020                 ENDP
  137 00000020         
  138 00000020         
  139 00000020         
  140 00000020         ; Dummy Exception Handlers (infinite loops which can be 
                       modified)
  141 00000020         
  142 00000020         NMI_Handler
                               PROC
  143 00000020                 EXPORT           NMI_Handler               [WEAK
]
  144 00000020 E7FE            B                .
  145 00000022                 ENDP
  147 00000022         HardFault_Handler
                               PROC
  148 00000022                 EXPORT           HardFault_Handler         [WEAK
]
  149 00000022 E7FE            B                .
  150 00000024                 ENDP
  151 00000024         SVC_Handler
                               PROC
  152 00000024                 EXPORT           SVC_Handler               [WEAK
]
  153 00000024 E7FE            B                .
  154 00000026                 ENDP
  155 00000026         PendSV_Handler
                               PROC
  156 00000026                 EXPORT           PendSV_Handler            [WEAK
]



ARM Macro Assembler    Page 4 


  157 00000026 E7FE            B                .
  158 00000028                 ENDP
  159 00000028         SysTick_Handler
                               PROC
  160 00000028                 EXPORT           SysTick_Handler           [WEAK
]
  161 00000028 E7FE            B                .
  162 0000002A                 ENDP
  163 0000002A         
  164 0000002A         Default_Handler
                               PROC
  165 0000002A         
  166 0000002A                 EXPORT           BOD_IRQHandler            [WEAK
]
  167 0000002A                 EXPORT           WDT_IRQHandler            [WEAK
]
  168 0000002A                 EXPORT           EINT0_IRQHandler          [WEAK
]
  169 0000002A                 EXPORT           EINT1_IRQHandler          [WEAK
]
  170 0000002A                 EXPORT           GPIOP0P1_IRQHandler       [WEAK
]
  171 0000002A                 EXPORT           GPIOP2P3P4_IRQHandler     [WEAK
]
  172 0000002A                 EXPORT           PWMA_IRQHandler           [WEAK
]
  173 0000002A                 EXPORT           TMR0_IRQHandler           [WEAK
]
  174 0000002A                 EXPORT           TMR1_IRQHandler           [WEAK
]
  175 0000002A                 EXPORT           TMR2_IRQHandler           [WEAK
]
  176 0000002A                 EXPORT           TMR3_IRQHandler           [WEAK
]
  177 0000002A                 EXPORT           UART0_IRQHandler          [WEAK
]
  178 0000002A                 EXPORT           SPI0_IRQHandler           [WEAK
]
  179 0000002A                 EXPORT           GPIOP5_IRQHandler         [WEAK
]
  180 0000002A                 EXPORT           GPIOP6P7_IRQHandler       [WEAK
]
  181 0000002A                 EXPORT           I2C0_IRQHandler           [WEAK
]
  182 0000002A                 EXPORT           I2C1_IRQHandler           [WEAK
]
  183 0000002A                 EXPORT           PWRWU_IRQHandler          [WEAK
]
  184 0000002A                 EXPORT           ADC_IRQHandler            [WEAK
]
  185 0000002A         
  186 0000002A         BOD_IRQHandler
  187 0000002A         WDT_IRQHandler
  188 0000002A         EINT0_IRQHandler
  189 0000002A         EINT1_IRQHandler
  190 0000002A         GPIOP0P1_IRQHandler
  191 0000002A         GPIOP2P3P4_IRQHandler
  192 0000002A         PWMA_IRQHandler
  193 0000002A         TMR0_IRQHandler



ARM Macro Assembler    Page 5 


  194 0000002A         TMR1_IRQHandler
  195 0000002A         TMR2_IRQHandler
  196 0000002A         TMR3_IRQHandler
  197 0000002A         UART0_IRQHandler
  198 0000002A         SPI0_IRQHandler
  199 0000002A         GPIOP5_IRQHandler
  200 0000002A         GPIOP6P7_IRQHandler
  201 0000002A         I2C0_IRQHandler
  202 0000002A         I2C1_IRQHandler
  203 0000002A         PWRWU_IRQHandler
  204 0000002A         ADC_IRQHandler
  205 0000002A E7FE            B                .
  206 0000002C                 ENDP
  207 0000002C         
  208 0000002C         
  209 0000002C                 ALIGN
  210 0000002C         
  211 0000002C         
  212 0000002C         ; User Initial Stack & Heap
  213 0000002C         
  214 0000002C                 IF               :DEF:__MICROLIB
  215 0000002C         
  216 0000002C                 EXPORT           __initial_sp
  217 0000002C                 EXPORT           __heap_base
  218 0000002C                 EXPORT           __heap_limit
  219 0000002C         
  220 0000002C                 ELSE
  234                          ENDIF
  235 0000002C         
  236 0000002C                 END
              50000100 
              00000059 
              00000016 
              00000088 
              50000024 
              00005AA5 
              00000000 
              00000000 
Command Line: --16 --debug --xref --diag_suppress=9931 --cpu=Cortex-M0 --apcs=i
nterwork --depend=.\obj\startup_m058s.d -o.\obj\startup_m058s.o -IC:\Keil_v5\AR
M\RV31\INC -IC:\Keil_v5\ARM\CMSIS\Include --predefine="__MICROLIB SETA 1" --pre
define="__UVISION_VERSION SETA 537" --list=.\lst\startup_m058s.lst ..\..\..\..\
Library\Device\Nuvoton\M058S\Source\ARM\startup_M058S.s



ARM Macro Assembler    Page 1 Alphabetic symbol ordering
Relocatable symbols

STACK 00000000

Symbol: STACK
   Definitions
      At line 20 in file ..\..\..\..\Library\Device\Nuvoton\M058S\Source\ARM\st
artup_M058S.s
   Uses
      None
Comment: STACK unused
Stack_Mem 00000000

Symbol: Stack_Mem
   Definitions
      At line 21 in file ..\..\..\..\Library\Device\Nuvoton\M058S\Source\ARM\st
artup_M058S.s
   Uses
      None
Comment: Stack_Mem unused
__initial_sp 00000200

Symbol: __initial_sp
   Definitions
      At line 22 in file ..\..\..\..\Library\Device\Nuvoton\M058S\Source\ARM\st
artup_M058S.s
   Uses
      At line 47 in file ..\..\..\..\Library\Device\Nuvoton\M058S\Source\ARM\st
artup_M058S.s
      At line 216 in file ..\..\..\..\Library\Device\Nuvoton\M058S\Source\ARM\s
tartup_M058S.s

3 symbols



ARM Macro Assembler    Page 1 Alphabetic symbol ordering
Relocatable symbols

HEAP 00000000

Symbol: HEAP
   Definitions
      At line 33 in file ..\..\..\..\Library\Device\Nuvoton\M058S\Source\ARM\st
artup_M058S.s
   Uses
      None
Comment: HEAP unused
Heap_Mem 00000000

Symbol: Heap_Mem
   Definitions
      At line 35 in file ..\..\..\..\Library\Device\Nuvoton\M058S\Source\ARM\st
artup_M058S.s
   Uses
      None
Comment: Heap_Mem unused
__heap_base 00000000

Symbol: __heap_base
   Definitions
      At line 34 in file ..\..\..\..\Library\Device\Nuvoton\M058S\Source\ARM\st
artup_M058S.s
   Uses
      At line 217 in file ..\..\..\..\Library\Device\Nuvoton\M058S\Source\ARM\s
tartup_M058S.s
Comment: __heap_base used once
__heap_limit 00000000

Symbol: __heap_limit
   Definitions
      At line 36 in file ..\..\..\..\Library\Device\Nuvoton\M058S\Source\ARM\st
artup_M058S.s
   Uses
      At line 218 in file ..\..\..\..\Library\Device\Nuvoton\M058S\Source\ARM\s
tartup_M058S.s
Comment: __heap_limit used once
4 symbols



ARM Macro Assembler    Page 1 Alphabetic symbol ordering
Relocatable symbols

RESET 00000000

Symbol: RESET
   Definitions
      At line 44 in file ..\..\..\..\Library\Device\Nuvoton\M058S\Source\ARM\st
artup_M058S.s
   Uses
      None
Comment: RESET unused
__Vectors 00000000

Symbol: __Vectors
   Definitions
      At line 47 in file ..\..\..\..\Library\Device\Nuvoton\M058S\Source\ARM\st
artup_M058S.s
   Uses
      At line 45 in file ..\..\..\..\Library\Device\Nuvoton\M058S\Source\ARM\st
artup_M058S.s
Comment: __Vectors used once
2 symbols



ARM Macro Assembler    Page 1 Alphabetic symbol ordering
Relocatable symbols

.text 00000000

Symbol: .text
   Definitions
      At line 100 in file ..\..\..\..\Library\Device\Nuvoton\M058S\Source\ARM\s
tartup_M058S.s
   Uses
      None
Comment: .text unused
ADC_IRQHandler 0000002A

Symbol: ADC_IRQHandler
   Definitions
      At line 204 in file ..\..\..\..\Library\Device\Nuvoton\M058S\Source\ARM\s
tartup_M058S.s
   Uses
      At line 95 in file ..\..\..\..\Library\Device\Nuvoton\M058S\Source\ARM\st
artup_M058S.s
      At line 184 in file ..\..\..\..\Library\Device\Nuvoton\M058S\Source\ARM\s
tartup_M058S.s

BOD_IRQHandler 0000002A

Symbol: BOD_IRQHandler
   Definitions
      At line 186 in file ..\..\..\..\Library\Device\Nuvoton\M058S\Source\ARM\s
tartup_M058S.s
   Uses
      At line 66 in file ..\..\..\..\Library\Device\Nuvoton\M058S\Source\ARM\st
artup_M058S.s
      At line 166 in file ..\..\..\..\Library\Device\Nuvoton\M058S\Source\ARM\s
tartup_M058S.s

Default_Handler 0000002A

Symbol: Default_Handler
   Definitions
      At line 164 in file ..\..\..\..\Library\Device\Nuvoton\M058S\Source\ARM\s
tartup_M058S.s
   Uses
      At line 73 in file ..\..\..\..\Library\Device\Nuvoton\M058S\Source\ARM\st
artup_M058S.s
      At line 79 in file ..\..\..\..\Library\Device\Nuvoton\M058S\Source\ARM\st
artup_M058S.s
      At line 81 in file ..\..\..\..\Library\Device\Nuvoton\M058S\Source\ARM\st
artup_M058S.s
      At line 86 in file ..\..\..\..\Library\Device\Nuvoton\M058S\Source\ARM\st
artup_M058S.s
      At line 87 in file ..\..\..\..\Library\Device\Nuvoton\M058S\Source\ARM\st
artup_M058S.s
      At line 88 in file ..\..\..\..\Library\Device\Nuvoton\M058S\Source\ARM\st
artup_M058S.s
      At line 89 in file ..\..\..\..\Library\Device\Nuvoton\M058S\Source\ARM\st
artup_M058S.s
      At line 90 in file ..\..\..\..\Library\Device\Nuvoton\M058S\Source\ARM\st
artup_M058S.s
      At line 91 in file ..\..\..\..\Library\Device\Nuvoton\M058S\Source\ARM\st
artup_M058S.s
      At line 92 in file ..\..\..\..\Library\Device\Nuvoton\M058S\Source\ARM\st



ARM Macro Assembler    Page 2 Alphabetic symbol ordering
Relocatable symbols

artup_M058S.s
      At line 93 in file ..\..\..\..\Library\Device\Nuvoton\M058S\Source\ARM\st
artup_M058S.s
      At line 96 in file ..\..\..\..\Library\Device\Nuvoton\M058S\Source\ARM\st
artup_M058S.s
      At line 97 in file ..\..\..\..\Library\Device\Nuvoton\M058S\Source\ARM\st
artup_M058S.s

EINT0_IRQHandler 0000002A

Symbol: EINT0_IRQHandler
   Definitions
      At line 188 in file ..\..\..\..\Library\Device\Nuvoton\M058S\Source\ARM\s
tartup_M058S.s
   Uses
      At line 68 in file ..\..\..\..\Library\Device\Nuvoton\M058S\Source\ARM\st
artup_M058S.s
      At line 168 in file ..\..\..\..\Library\Device\Nuvoton\M058S\Source\ARM\s
tartup_M058S.s

EINT1_IRQHandler 0000002A

Symbol: EINT1_IRQHandler
   Definitions
      At line 189 in file ..\..\..\..\Library\Device\Nuvoton\M058S\Source\ARM\s
tartup_M058S.s
   Uses
      At line 69 in file ..\..\..\..\Library\Device\Nuvoton\M058S\Source\ARM\st
artup_M058S.s
      At line 169 in file ..\..\..\..\Library\Device\Nuvoton\M058S\Source\ARM\s
tartup_M058S.s

GPIOP0P1_IRQHandler 0000002A

Symbol: GPIOP0P1_IRQHandler
   Definitions
      At line 190 in file ..\..\..\..\Library\Device\Nuvoton\M058S\Source\ARM\s
tartup_M058S.s
   Uses
      At line 70 in file ..\..\..\..\Library\Device\Nuvoton\M058S\Source\ARM\st
artup_M058S.s
      At line 170 in file ..\..\..\..\Library\Device\Nuvoton\M058S\Source\ARM\s
tartup_M058S.s

GPIOP2P3P4_IRQHandler 0000002A

Symbol: GPIOP2P3P4_IRQHandler
   Definitions
      At line 191 in file ..\..\..\..\Library\Device\Nuvoton\M058S\Source\ARM\s
tartup_M058S.s
   Uses
      At line 71 in file ..\..\..\..\Library\Device\Nuvoton\M058S\Source\ARM\st
artup_M058S.s
      At line 171 in file ..\..\..\..\Library\Device\Nuvoton\M058S\Source\ARM\s
tartup_M058S.s

GPIOP5_IRQHandler 0000002A

Symbol: GPIOP5_IRQHandler



ARM Macro Assembler    Page 3 Alphabetic symbol ordering
Relocatable symbols

   Definitions
      At line 199 in file ..\..\..\..\Library\Device\Nuvoton\M058S\Source\ARM\s
tartup_M058S.s
   Uses
      At line 82 in file ..\..\..\..\Library\Device\Nuvoton\M058S\Source\ARM\st
artup_M058S.s
      At line 179 in file ..\..\..\..\Library\Device\Nuvoton\M058S\Source\ARM\s
tartup_M058S.s

GPIOP6P7_IRQHandler 0000002A

Symbol: GPIOP6P7_IRQHandler
   Definitions
      At line 200 in file ..\..\..\..\Library\Device\Nuvoton\M058S\Source\ARM\s
tartup_M058S.s
   Uses
      At line 83 in file ..\..\..\..\Library\Device\Nuvoton\M058S\Source\ARM\st
artup_M058S.s
      At line 180 in file ..\..\..\..\Library\Device\Nuvoton\M058S\Source\ARM\s
tartup_M058S.s

HardFault_Handler 00000022

Symbol: HardFault_Handler
   Definitions
      At line 147 in file ..\..\..\..\Library\Device\Nuvoton\M058S\Source\ARM\s
tartup_M058S.s
   Uses
      At line 50 in file ..\..\..\..\Library\Device\Nuvoton\M058S\Source\ARM\st
artup_M058S.s
      At line 148 in file ..\..\..\..\Library\Device\Nuvoton\M058S\Source\ARM\s
tartup_M058S.s

I2C0_IRQHandler 0000002A

Symbol: I2C0_IRQHandler
   Definitions
      At line 201 in file ..\..\..\..\Library\Device\Nuvoton\M058S\Source\ARM\s
tartup_M058S.s
   Uses
      At line 84 in file ..\..\..\..\Library\Device\Nuvoton\M058S\Source\ARM\st
artup_M058S.s
      At line 181 in file ..\..\..\..\Library\Device\Nuvoton\M058S\Source\ARM\s
tartup_M058S.s

I2C1_IRQHandler 0000002A

Symbol: I2C1_IRQHandler
   Definitions
      At line 202 in file ..\..\..\..\Library\Device\Nuvoton\M058S\Source\ARM\s
tartup_M058S.s
   Uses
      At line 85 in file ..\..\..\..\Library\Device\Nuvoton\M058S\Source\ARM\st
artup_M058S.s
      At line 182 in file ..\..\..\..\Library\Device\Nuvoton\M058S\Source\ARM\s
tartup_M058S.s

NMI_Handler 00000020




ARM Macro Assembler    Page 4 Alphabetic symbol ordering
Relocatable symbols

Symbol: NMI_Handler
   Definitions
      At line 142 in file ..\..\..\..\Library\Device\Nuvoton\M058S\Source\ARM\s
tartup_M058S.s
   Uses
      At line 49 in file ..\..\..\..\Library\Device\Nuvoton\M058S\Source\ARM\st
artup_M058S.s
      At line 143 in file ..\..\..\..\Library\Device\Nuvoton\M058S\Source\ARM\s
tartup_M058S.s

PWMA_IRQHandler 0000002A

Symbol: PWMA_IRQHandler
   Definitions
      At line 192 in file ..\..\..\..\Library\Device\Nuvoton\M058S\Source\ARM\s
tartup_M058S.s
   Uses
      At line 72 in file ..\..\..\..\Library\Device\Nuvoton\M058S\Source\ARM\st
artup_M058S.s
      At line 172 in file ..\..\..\..\Library\Device\Nuvoton\M058S\Source\ARM\s
tartup_M058S.s

PWRWU_IRQHandler 0000002A

Symbol: PWRWU_IRQHandler
   Definitions
      At line 203 in file ..\..\..\..\Library\Device\Nuvoton\M058S\Source\ARM\s
tartup_M058S.s
   Uses
      At line 94 in file ..\..\..\..\Library\Device\Nuvoton\M058S\Source\ARM\st
artup_M058S.s
      At line 183 in file ..\..\..\..\Library\Device\Nuvoton\M058S\Source\ARM\s
tartup_M058S.s

PendSV_Handler 00000026

Symbol: PendSV_Handler
   Definitions
      At line 155 in file ..\..\..\..\Library\Device\Nuvoton\M058S\Source\ARM\s
tartup_M058S.s
   Uses
      At line 61 in file ..\..\..\..\Library\Device\Nuvoton\M058S\Source\ARM\st
artup_M058S.s
      At line 156 in file ..\..\..\..\Library\Device\Nuvoton\M058S\Source\ARM\s
tartup_M058S.s

Reset_Handler 00000000

Symbol: Reset_Handler
   Definitions
      At line 108 in file ..\..\..\..\Library\Device\Nuvoton\M058S\Source\ARM\s
tartup_M058S.s
   Uses
      At line 48 in file ..\..\..\..\Library\Device\Nuvoton\M058S\Source\ARM\st
artup_M058S.s
      At line 109 in file ..\..\..\..\Library\Device\Nuvoton\M058S\Source\ARM\s
tartup_M058S.s

SPI0_IRQHandler 0000002A



ARM Macro Assembler    Page 5 Alphabetic symbol ordering
Relocatable symbols


Symbol: SPI0_IRQHandler
   Definitions
      At line 198 in file ..\..\..\..\Library\Device\Nuvoton\M058S\Source\ARM\s
tartup_M058S.s
   Uses
      At line 80 in file ..\..\..\..\Library\Device\Nuvoton\M058S\Source\ARM\st
artup_M058S.s
      At line 178 in file ..\..\..\..\Library\Device\Nuvoton\M058S\Source\ARM\s
tartup_M058S.s

SVC_Handler 00000024

Symbol: SVC_Handler
   Definitions
      At line 151 in file ..\..\..\..\Library\Device\Nuvoton\M058S\Source\ARM\s
tartup_M058S.s
   Uses
      At line 58 in file ..\..\..\..\Library\Device\Nuvoton\M058S\Source\ARM\st
artup_M058S.s
      At line 152 in file ..\..\..\..\Library\Device\Nuvoton\M058S\Source\ARM\s
tartup_M058S.s

SysTick_Handler 00000028

Symbol: SysTick_Handler
   Definitions
      At line 159 in file ..\..\..\..\Library\Device\Nuvoton\M058S\Source\ARM\s
tartup_M058S.s
   Uses
      At line 62 in file ..\..\..\..\Library\Device\Nuvoton\M058S\Source\ARM\st
artup_M058S.s
      At line 160 in file ..\..\..\..\Library\Device\Nuvoton\M058S\Source\ARM\s
tartup_M058S.s

TMR0_IRQHandler 0000002A

Symbol: TMR0_IRQHandler
   Definitions
      At line 193 in file ..\..\..\..\Library\Device\Nuvoton\M058S\Source\ARM\s
tartup_M058S.s
   Uses
      At line 74 in file ..\..\..\..\Library\Device\Nuvoton\M058S\Source\ARM\st
artup_M058S.s
      At line 173 in file ..\..\..\..\Library\Device\Nuvoton\M058S\Source\ARM\s
tartup_M058S.s

TMR1_IRQHandler 0000002A

Symbol: TMR1_IRQHandler
   Definitions
      At line 194 in file ..\..\..\..\Library\Device\Nuvoton\M058S\Source\ARM\s
tartup_M058S.s
   Uses
      At line 75 in file ..\..\..\..\Library\Device\Nuvoton\M058S\Source\ARM\st
artup_M058S.s
      At line 174 in file ..\..\..\..\Library\Device\Nuvoton\M058S\Source\ARM\s
tartup_M058S.s




ARM Macro Assembler    Page 6 Alphabetic symbol ordering
Relocatable symbols

TMR2_IRQHandler 0000002A

Symbol: TMR2_IRQHandler
   Definitions
      At line 195 in file ..\..\..\..\Library\Device\Nuvoton\M058S\Source\ARM\s
tartup_M058S.s
   Uses
      At line 76 in file ..\..\..\..\Library\Device\Nuvoton\M058S\Source\ARM\st
artup_M058S.s
      At line 175 in file ..\..\..\..\Library\Device\Nuvoton\M058S\Source\ARM\s
tartup_M058S.s

TMR3_IRQHandler 0000002A

Symbol: TMR3_IRQHandler
   Definitions
      At line 196 in file ..\..\..\..\Library\Device\Nuvoton\M058S\Source\ARM\s
tartup_M058S.s
   Uses
      At line 77 in file ..\..\..\..\Library\Device\Nuvoton\M058S\Source\ARM\st
artup_M058S.s
      At line 176 in file ..\..\..\..\Library\Device\Nuvoton\M058S\Source\ARM\s
tartup_M058S.s

UART0_IRQHandler 0000002A

Symbol: UART0_IRQHandler
   Definitions
      At line 197 in file ..\..\..\..\Library\Device\Nuvoton\M058S\Source\ARM\s
tartup_M058S.s
   Uses
      At line 78 in file ..\..\..\..\Library\Device\Nuvoton\M058S\Source\ARM\st
artup_M058S.s
      At line 177 in file ..\..\..\..\Library\Device\Nuvoton\M058S\Source\ARM\s
tartup_M058S.s

WDT_IRQHandler 0000002A

Symbol: WDT_IRQHandler
   Definitions
      At line 187 in file ..\..\..\..\Library\Device\Nuvoton\M058S\Source\ARM\s
tartup_M058S.s
   Uses
      At line 67 in file ..\..\..\..\Library\Device\Nuvoton\M058S\Source\ARM\st
artup_M058S.s
      At line 167 in file ..\..\..\..\Library\Device\Nuvoton\M058S\Source\ARM\s
tartup_M058S.s

27 symbols



ARM Macro Assembler    Page 1 Alphabetic symbol ordering
Absolute symbols

Heap_Size 00000000

Symbol: Heap_Size
   Definitions
      At line 30 in file ..\..\..\..\Library\Device\Nuvoton\M058S\Source\ARM\st
artup_M058S.s
   Uses
      At line 35 in file ..\..\..\..\Library\Device\Nuvoton\M058S\Source\ARM\st
artup_M058S.s
Comment: Heap_Size used once
Stack_Size 00000200

Symbol: Stack_Size
   Definitions
      At line 17 in file ..\..\..\..\Library\Device\Nuvoton\M058S\Source\ARM\st
artup_M058S.s
   Uses
      At line 21 in file ..\..\..\..\Library\Device\Nuvoton\M058S\Source\ARM\st
artup_M058S.s
Comment: Stack_Size used once
2 symbols



ARM Macro Assembler    Page 1 Alphabetic symbol ordering
External symbols

SystemInit 00000000

Symbol: SystemInit
   Definitions
      At line 110 in file ..\..\..\..\Library\Device\Nuvoton\M058S\Source\ARM\s
tartup_M058S.s
   Uses
      At line 132 in file ..\..\..\..\Library\Device\Nuvoton\M058S\Source\ARM\s
tartup_M058S.s
Comment: SystemInit used once
__main 00000000

Symbol: __main
   Definitions
      At line 111 in file ..\..\..\..\Library\Device\Nuvoton\M058S\Source\ARM\s
tartup_M058S.s
   Uses
      At line 134 in file ..\..\..\..\Library\Device\Nuvoton\M058S\Source\ARM\s
tartup_M058S.s
Comment: __main used once
2 symbols
376 symbols in table
